<?xml version="1.0" encoding="UTF-8"?>
<!-- Generated by org.testng.reporters.JUnitReportReporter -->
<testsuite skipped="0" hostname="pradippack"
	name="com.comicrelief.identityService.EmailAvailableTest" tests="1"
	failures="0" timestamp="27 Jun 2018 10:17:50 GMT" time="2.956"
	errors="0">
	<testcase name="checkEmailExist" time="2.956"
		classname="com.comicrelief.identityService.EmailAvailableTest" />
</testsuite> <!-- com.comicrelief.identityService.EmailAvailableTest -->
