<?xml version="1.0" encoding="UTF-8"?>
<!-- Generated by org.testng.reporters.JUnitReportReporter -->
<testsuite skipped="0" hostname="pradippack" name="com.comicrelief.identityService.EmailExistsTest" tests="1" failures="0" timestamp="28 Jun 2018 11:26:42 GMT" time="3.481" errors="0">
  <testcase name="checkEmailExist" time="3.481" classname="com.comicrelief.identityService.EmailExistsTest"/>
</testsuite> <!-- com.comicrelief.identityService.EmailExistsTest -->
