<?xml version="1.0" encoding="UTF-8"?>
<!-- Generated by org.testng.reporters.JUnitReportReporter -->
<testsuite skipped="0" hostname="pradippack" name="com.comicrelief.identityService.CreateAccountTest" tests="13" failures="0" timestamp="28 Jun 2018 11:10:58 GMT" time="14.358" errors="0">
  <testcase name="createAccountNoData" time="0.967" classname="com.comicrelief.identityService.CreateAccountTest"/>
  <testcase name="createAccountWithEmptyTerms" time="0.714" classname="com.comicrelief.identityService.CreateAccountTest"/>
  <testcase name="createU16Account" time="0.936" classname="com.comicrelief.identityService.CreateAccountTest"/>
  <testcase name="createAccountWithEmptyFirstName" time="0.774" classname="com.comicrelief.identityService.CreateAccountTest"/>
  <testcase name="createAccountWithFalseTerms" time="0.730" classname="com.comicrelief.identityService.CreateAccountTest"/>
  <testcase name="createO16Account" time="0.697" classname="com.comicrelief.identityService.CreateAccountTest"/>
  <testcase name="createAccountWithInvalidEmail" time="0.704" classname="com.comicrelief.identityService.CreateAccountTest"/>
  <testcase name="createAccountWithEmptyLastName" time="0.879" classname="com.comicrelief.identityService.CreateAccountTest"/>
  <testcase name="createAccountForPendingUser" time="4.176" classname="com.comicrelief.identityService.CreateAccountTest"/>
  <testcase name="createAccountWithEmptyPassword" time="0.749" classname="com.comicrelief.identityService.CreateAccountTest"/>
  <testcase name="createAccountWithExistingEmailAddress" time="1.436" classname="com.comicrelief.identityService.CreateAccountTest"/>
  <testcase name="createAccountWithInvalidPassword" time="0.704" classname="com.comicrelief.identityService.CreateAccountTest"/>
  <testcase name="createAccountWithEmptyEmail" time="0.892" classname="com.comicrelief.identityService.CreateAccountTest"/>
</testsuite> <!-- com.comicrelief.identityService.CreateAccountTest -->
