<?xml version="1.0" encoding="UTF-8"?>
<!-- Generated by org.testng.reporters.JUnitReportReporter -->
<testsuite skipped="0" hostname="pradippack"
	name="com.comicrelief.identityService.UserDataTest" tests="1"
	failures="0" timestamp="28 Jun 2018 13:16:40 GMT" time="3.780"
	errors="0">
	<testcase name="userDataWithValidToken" time="3.780"
		classname="com.comicrelief.identityService.UserDataTest" />
</testsuite> <!-- com.comicrelief.identityService.UserDataTest -->
